<?xml version="1.0" encoding="UTF-8"?>
<!-- Generated by org.testng.reporters.JUnitXMLReporter -->
<testsuite ignored="1" hostname="FARAZB-WIN10" failures="0" tests="2" name="Test" time="10.088" errors="0" timestamp="2025-02-09T11:05:56 IST">
  <testcase classname="testCases.TC_002AccountLoginTest" name="Login" time="1.889"/>
  <testcase classname="testCases.TC_001AccountRegistrationTest" name="testAccountRegistrartion" time="2.551"/>
  <testcase classname="testCases.TC_003AccountLoginDataDriver" name="LoginDataDriver" time="0.0">
    <ignored/>
  </testcase> <!-- LoginDataDriver -->
</testsuite> <!-- Test -->
