<?xml version="1.0" encoding="UTF-8"?>
<testng-results ignored="0" total="2" passed="2" failed="0" skipped="0">
  <reporter-output>
  </reporter-output>
  <suite started-at="2025-02-09T11:05:45 IST" name="Suite" finished-at="2025-02-09T11:05:55 IST" duration-ms="10088">
    <groups>
      <group name="Sanity">
        <method signature="TC_001AccountRegistrationTest.testAccountRegistrartion()[pri:0, instance:testCases.TC_001AccountRegistrationTest@4044fb95]" name="testAccountRegistrartion" class="testCases.TC_001AccountRegistrationTest"/>
        <method signature="TC_002AccountLoginTest.Login()[pri:0, instance:testCases.TC_002AccountLoginTest@68b6f0d6]" name="Login" class="testCases.TC_002AccountLoginTest"/>
      </group> <!-- Sanity -->
      <group name="Regression">
        <method signature="TC_002AccountLoginTest.Login()[pri:0, instance:testCases.TC_002AccountLoginTest@68b6f0d6]" name="Login" class="testCases.TC_002AccountLoginTest"/>
      </group> <!-- Regression -->
    </groups>
    <test started-at="2025-02-09T11:05:45 IST" name="Test" finished-at="2025-02-09T11:05:55 IST" duration-ms="10088">
      <class name="testCases.TC_002AccountLoginTest">
        <test-method is-config="true" signature="setup(java.lang.String,java.lang.String)[pri:0, instance:testCases.TC_002AccountLoginTest@68b6f0d6]" started-at="2025-02-09T11:05:45 IST" name="setup" finished-at="2025-02-09T11:05:48 IST" duration-ms="2742" status="PASS">
          <params>
            <param index="0">
              <value>
                <![CDATA[Windows]]>
              </value>
            </param>
            <param index="1">
              <value>
                <![CDATA[chrome]]>
              </value>
            </param>
          </params>
          <reporter-output>
          </reporter-output>
        </test-method> <!-- setup -->
        <test-method signature="Login()[pri:0, instance:testCases.TC_002AccountLoginTest@68b6f0d6]" started-at="2025-02-09T11:05:48 IST" name="Login" finished-at="2025-02-09T11:05:50 IST" duration-ms="1889" status="PASS">
          <reporter-output>
          </reporter-output>
        </test-method> <!-- Login -->
        <test-method is-config="true" signature="teardown()[pri:0, instance:testCases.TC_002AccountLoginTest@68b6f0d6]" started-at="2025-02-09T11:05:50 IST" name="teardown" finished-at="2025-02-09T11:05:50 IST" duration-ms="285" status="PASS">
          <reporter-output>
          </reporter-output>
        </test-method> <!-- teardown -->
      </class> <!-- testCases.TC_002AccountLoginTest -->
      <class name="testCases.TC_001AccountRegistrationTest">
        <test-method is-config="true" signature="setup(java.lang.String,java.lang.String)[pri:0, instance:testCases.TC_001AccountRegistrationTest@4044fb95]" started-at="2025-02-09T11:05:50 IST" name="setup" finished-at="2025-02-09T11:05:52 IST" duration-ms="1977" status="PASS">
          <params>
            <param index="0">
              <value>
                <![CDATA[Windows]]>
              </value>
            </param>
            <param index="1">
              <value>
                <![CDATA[chrome]]>
              </value>
            </param>
          </params>
          <reporter-output>
          </reporter-output>
        </test-method> <!-- setup -->
        <test-method signature="testAccountRegistrartion()[pri:0, instance:testCases.TC_001AccountRegistrationTest@4044fb95]" started-at="2025-02-09T11:05:52 IST" name="testAccountRegistrartion" finished-at="2025-02-09T11:05:55 IST" duration-ms="2551" status="PASS">
          <reporter-output>
          </reporter-output>
        </test-method> <!-- testAccountRegistrartion -->
        <test-method is-config="true" signature="teardown()[pri:0, instance:testCases.TC_001AccountRegistrationTest@4044fb95]" started-at="2025-02-09T11:05:55 IST" name="teardown" finished-at="2025-02-09T11:05:55 IST" duration-ms="218" status="PASS">
          <reporter-output>
          </reporter-output>
        </test-method> <!-- teardown -->
      </class> <!-- testCases.TC_001AccountRegistrationTest -->
    </test> <!-- Test -->
  </suite> <!-- Suite -->
</testng-results>
